[2025-05-10 14:20:37.576787] Added entry for service: instagram
[2025-05-10 14:20:47.774921] Retrieved password for service: instagram
[2025-05-10 14:21:43.811319] Generated password of length 10
[2025-05-10 14:24:39.870189] Exited and saved vault securely.
[2025-05-11 12:24:58.304921] Added entry for service: gmail
[2025-05-11 14:12:44.925461] Added entry for service: INSTAGRAM
[2025-05-11 14:12:58.950029] Retrieved password for service: INSTAGRAM
[2025-05-11 14:13:13.179566] Deleted entry for service: INSTAGRAM
[2025-05-11 14:14:30.680602] Added entry for service: twitter
[2025-05-11 14:14:41.734850] Generated password of length 6
[2025-05-11 14:14:43.451474] Exited and saved vault securely.
[2025-05-11 20:01:37.727982] Changed master password.
[2025-05-11 20:36:58.907091] Generated password of length 12
[2025-05-12 10:23:21.293866] Added entry for service: facebook
[2025-05-12 10:23:29.040997] Retrieved password for service: facebook
[2025-05-12 10:24:35.413685] Added entry for service: snapchat
[2025-05-12 10:24:55.759413] Added entry for service: gmail
[2025-05-12 10:25:05.435065] Retrieved password for service: snapchat
[2025-05-12 10:25:22.864389] Deleted entry for service: gmail
[2025-05-12 10:26:10.452791] Generated password of length 8
